<?xml version="1.0" encoding="UTF-8"?>
<!-- Generated by org.testng.reporters.JUnitXMLReporter -->
<testsuite hostname="DLLB0523" name="Test" tests="1" failures="0" timestamp="18 Jan 2015 16:03:25 GMT" time="0.064" errors="0">
  <testcase name="@BeforeTest BrowserOpen" time="0.0" classname="CNowQA.CNowAutomation">
    <failure type="java.lang.IllegalAccessException" message="Class org.testng.internal.MethodInvocationHelper can not access a member of class CNowQA.CNowAutomation with modifiers &amp;quot;public&amp;quot;">
      <![CDATA[java.lang.IllegalAccessException: Class org.testng.internal.MethodInvocationHelper can not access a member of class CNowQA.CNowAutomation with modifiers "public"
... Removed 22 stack frames]]>
    </failure>
  </testcase> <!-- @BeforeTest BrowserOpen -->
  <testcase name="@AfterTest BrowserClose" time="0.0" classname="CNowQA.CNowAutomation">
    <skipped/>
  </testcase> <!-- @AfterTest BrowserClose -->
  <testcase name="LoginApplication" time="0.0" classname="CNowQA.CNowAutomation">
    <skipped/>
  </testcase> <!-- LoginApplication -->
</testsuite> <!-- Test -->
